<?xml version="1.0" encoding="UTF-8"?>
<testng-results skipped="0" failed="0" ignored="0" total="1" passed="1">
  <reporter-output>
  </reporter-output>
  <suite name="Default suite" duration-ms="17802" started-at="2019-06-23T17:36:22Z" finished-at="2019-06-23T17:36:40Z">
    <groups>
    </groups>
    <test name="Default test" duration-ms="17802" started-at="2019-06-23T17:36:22Z" finished-at="2019-06-23T17:36:40Z">
      <class name="testCases.eBay_Test">
        <test-method status="PASS" signature="firstTest()[pri:1, instance:testCases.eBay_Test@d8355a8]" name="firstTest" duration-ms="17786" started-at="2019-06-23T17:36:22Z" finished-at="2019-06-23T17:36:40Z">
          <reporter-output>
          </reporter-output>
        </test-method> <!-- firstTest -->
      </class> <!-- testCases.eBay_Test -->
    </test> <!-- Default test -->
  </suite> <!-- Default suite -->
</testng-results>
